<?xml version="1.0" encoding="UTF-8"?>
<testng-results skipped="0" failed="0" total="2" passed="2">
  <reporter-output>
  </reporter-output>
  <suite name="driveonline" duration-ms="15397" started-at="2019-02-20T04:35:42Z" finished-at="2019-02-20T04:35:58Z">
    <groups>
    </groups>
    <test name="login" duration-ms="8458" started-at="2019-02-20T04:35:42Z" finished-at="2019-02-20T04:35:51Z">
      <class name="test_Shakeout">
        <test-method status="PASS" signature="setup()[pri:0, instance:test_Shakeout@67b64c45]" name="setup" is-config="true" duration-ms="7886" started-at="2019-02-20T12:35:42Z" finished-at="2019-02-20T12:35:50Z">
          <reporter-output>
          </reporter-output>
        </test-method> <!-- setup -->
        <test-method status="PASS" signature="testlogin()[pri:0, instance:test_Shakeout@67b64c45]" name="testlogin" duration-ms="559" started-at="2019-02-20T12:35:50Z" finished-at="2019-02-20T12:35:51Z">
          <reporter-output>
          </reporter-output>
        </test-method> <!-- testlogin -->
      </class> <!-- test_Shakeout -->
    </test> <!-- login -->
    <test name="click" duration-ms="6899" started-at="2019-02-20T04:35:51Z" finished-at="2019-02-20T04:35:58Z">
      <class name="test_click">
        <test-method status="PASS" signature="setup()[pri:0, instance:test_click@62043840]" name="setup" is-config="true" duration-ms="6291" started-at="2019-02-20T12:35:51Z" finished-at="2019-02-20T12:35:57Z">
          <reporter-output>
          </reporter-output>
        </test-method> <!-- setup -->
        <test-method status="PASS" signature="testClick()[pri:0, instance:test_click@62043840]" name="testClick" duration-ms="608" started-at="2019-02-20T12:35:57Z" finished-at="2019-02-20T12:35:58Z">
          <reporter-output>
          </reporter-output>
        </test-method> <!-- testClick -->
      </class> <!-- test_click -->
    </test> <!-- click -->
  </suite> <!-- driveonline -->
</testng-results>
